<?xml version="1.0" encoding="UTF-8"?>
<testng-results ignored="0" total="2" passed="2" failed="0" skipped="0">
  <reporter-output>
  </reporter-output>
  <suite started-at="2022-02-14T16:33:28 IST" name="Default suite" finished-at="2022-02-14T16:33:48 IST" duration-ms="20917">
    <groups>
    </groups>
    <test started-at="2022-02-14T16:33:28 IST" name="Default test" finished-at="2022-02-14T16:33:48 IST" duration-ms="20917">
      <class name="jenkins.MyProject">
        <test-method is-config="true" signature="openbrowser()[pri:0, instance:jenkins.MyProject@223191a6]" started-at="2022-02-14T16:33:25 IST" name="openbrowser" finished-at="2022-02-14T16:33:28 IST" duration-ms="2510" status="PASS">
          <reporter-output>
          </reporter-output>
        </test-method> <!-- openbrowser -->
        <test-method is-config="true" signature="openurl()[pri:0, instance:jenkins.MyProject@223191a6]" started-at="2022-02-14T16:33:28 IST" name="openurl" finished-at="2022-02-14T16:33:33 IST" duration-ms="5830" status="PASS">
          <reporter-output>
          </reporter-output>
        </test-method> <!-- openurl -->
        <test-method is-config="true" signature="windowmaximize()[pri:0, instance:jenkins.MyProject@223191a6]" started-at="2022-02-14T16:33:33 IST" name="windowmaximize" finished-at="2022-02-14T16:33:36 IST" duration-ms="2154" status="PASS">
          <reporter-output>
          </reporter-output>
        </test-method> <!-- windowmaximize -->
        <test-method is-config="true" signature="deletecookies()[pri:0, instance:jenkins.MyProject@223191a6]" started-at="2022-02-14T16:33:36 IST" name="deletecookies" finished-at="2022-02-14T16:33:36 IST" duration-ms="44" status="PASS">
          <reporter-output>
          </reporter-output>
        </test-method> <!-- deletecookies -->
        <test-method signature="logintest()[pri:0, instance:jenkins.MyProject@223191a6]" started-at="2022-02-14T16:33:36 IST" name="logintest" finished-at="2022-02-14T16:33:40 IST" duration-ms="4483" status="PASS">
          <reporter-output>
          </reporter-output>
        </test-method> <!-- logintest -->
        <test-method is-config="true" signature="screenshot()[pri:0, instance:jenkins.MyProject@223191a6]" started-at="2022-02-14T16:33:40 IST" name="screenshot" finished-at="2022-02-14T16:33:41 IST" duration-ms="705" status="PASS">
          <reporter-output>
          </reporter-output>
        </test-method> <!-- screenshot -->
        <test-method is-config="true" signature="deletecookies()[pri:0, instance:jenkins.MyProject@223191a6]" started-at="2022-02-14T16:33:41 IST" name="deletecookies" finished-at="2022-02-14T16:33:41 IST" duration-ms="26" status="PASS">
          <reporter-output>
          </reporter-output>
        </test-method> <!-- deletecookies -->
        <test-method signature="logouttest()[pri:0, instance:jenkins.MyProject@223191a6]" started-at="2022-02-14T16:33:41 IST" name="logouttest" finished-at="2022-02-14T16:33:47 IST" depends-on-methods="jenkins.MyProject.logintest" duration-ms="6381" status="PASS">
          <reporter-output>
          </reporter-output>
        </test-method> <!-- logouttest -->
        <test-method is-config="true" signature="screenshot()[pri:0, instance:jenkins.MyProject@223191a6]" started-at="2022-02-14T16:33:47 IST" name="screenshot" finished-at="2022-02-14T16:33:48 IST" duration-ms="723" status="PASS">
          <reporter-output>
          </reporter-output>
        </test-method> <!-- screenshot -->
        <test-method is-config="true" signature="deleteallcookies()[pri:0, instance:jenkins.MyProject@223191a6]" started-at="2022-02-14T16:33:48 IST" name="deleteallcookies" finished-at="2022-02-14T16:33:48 IST" duration-ms="0" status="PASS">
          <reporter-output>
          </reporter-output>
        </test-method> <!-- deleteallcookies -->
        <test-method is-config="true" signature="closedbconnection()[pri:0, instance:jenkins.MyProject@223191a6]" started-at="2022-02-14T16:33:48 IST" name="closedbconnection" finished-at="2022-02-14T16:33:48 IST" duration-ms="528" status="PASS">
          <reporter-output>
          </reporter-output>
        </test-method> <!-- closedbconnection -->
        <test-method is-config="true" signature="closebrowser()[pri:0, instance:jenkins.MyProject@223191a6]" started-at="2022-02-14T16:33:49 IST" name="closebrowser" finished-at="2022-02-14T16:33:49 IST" duration-ms="177" status="PASS">
          <reporter-output>
          </reporter-output>
        </test-method> <!-- closebrowser -->
      </class> <!-- jenkins.MyProject -->
    </test> <!-- Default test -->
  </suite> <!-- Default suite -->
</testng-results>
